SpyGlass Predictive Analyzer(R) - SpyGlass_vR-2020.12
All Rights Reserved. Use, disclosure or duplication 
without prior written permission of Synopsys Inc. is prohibited.
Technical support: email spyglass_support@synopsys.com 

Creating 'goals_summary' reports using project 'sg_config.prj'
##cwd         : /home/s284963/riscv_testing_2021_zoix/syn/run/_snpDft_s284963.973.0
##system      : Linux po.polito.it 3.10.0-957.1.3.el7.x86_64 #1 SMP Thu Nov 29 14:49:43 UTC 2018 x86_64 x86_64 x86_64 GNU/Linux
##Date & Time : Wed Jan 12 16:32:49 2022
Checkout 'dashboard' license at Wed Jan 12 16:32:49 2022 
Checkout 'dashboard' license completed at Wed Jan 12 16:32:49 2022 
Generating HTML report started at Wed Jan 12 16:32:49 2022 
Checking project file /home/s284963/riscv_testing_2021_zoix/syn/run/_snpDft_s284963.973.0/sg_config.prj at Wed Jan 12 16:32:49 2022 
Processing Project File:/home/s284963/riscv_testing_2021_zoix/syn/run/_snpDft_s284963.973.0/sg_config.prj 
     Work Directory:/home/s284963/riscv_testing_2021_zoix/syn/run/_snpDft_s284963.973.0/sg_config 
     Top Name: riscv_core_0_128_1_16_1_1_0_0_0_0_0_0_0_0_0_3_6_15_5_1a110800 
     Group Mode: 0 
     Methodology:/eda/synopsys/2020-21/RHELx86/SPYGLASS_2020.12/SPYGLASS_HOME/GuideWare/2020.12/block/rtl_handoff 
    Goals executed: sg_dft_testpoint_analysis:: 
 
Ignoring /home/s284963/riscv_testing_2021_zoix/syn/run/_snpDft_s284963.973.0/sg_config/riscv_core_0_128_1_16_1_1_0_0_0_0_0_0_0_0_0_3_6_15_5_1a110800/sg_dft_testpoint_analysis/spyglass.log and correspondig reports as pre-existing file /home/s284963/riscv_testing_2021_zoix/syn/run/_snpDft_s284963.973.0/sg_config/html_reports/data_files/riscv_core_0_128_1_16_1_1_0_0_0_0_0_0_0_0_0_3_6_15_5_1a110800_sg_dft_testpoint_analysis_spyglass.log seems up-to-date 
HTML Report creation completed at Wed Jan 12 16:32:49 2022 
Checkin 'dashboard' license at Wed Jan 12 16:32:49 2022 
----------------------------------------------------------------
Report 'goals_summary' created.
  File: /home/s284963/riscv_testing_2021_zoix/syn/run/_snpDft_s284963.973.0/sg_config/html_reports/goals_summary.html 
----------------------------------------------------------------

SpyGlass Exit Code 0
