/eda/synopsys/2016-17/RHELx86/SYN_2016.12/auxx/gui/dv/dv_setup.tcl
/eda/synopsys/2016-17/RHELx86/SYN_2016.12/auxx/gui/syn/snpsSynProcs.tcl
/eda/synopsys/2016-17/RHELx86/SYN_2016.12/auxx/gui/syn/layout/pkgIndex.tcl
/eda/synopsys/2016-17/RHELx86/SYN_2016.12/auxx/gui/common/tq/pkgIndex.tcl
/eda/synopsys/2016-17/RHELx86/SYN_2016.12/auxx/gui/common/docBrowser/pkgIndex.tcl
/eda/synopsys/2016-17/RHELx86/SYN_2016.12/auxx/gui/common/qtcl/pkgIndex.tcl
/eda/synopsys/2016-17/RHELx86/SYN_2016.12/auxx/gui/common/profiler/pkgIndex.tcl
/eda/synopsys/2016-17/RHELx86/SYN_2016.12/auxx/gui/common/highlight/pkgIndex.tcl
/eda/synopsys/2016-17/RHELx86/SYN_2016.12/auxx/gui/common/tiledview/pkgIndex.tcl
/eda/synopsys/2016-17/RHELx86/SYN_2016.12/auxx/gui/common/mrupalette/pkgIndex.tcl
/eda/synopsys/2016-17/RHELx86/SYN_2016.12/auxx/gui/common/histogram/pkgIndex.tcl
/eda/synopsys/2016-17/RHELx86/SYN_2016.12/auxx/gui/common/palettegroup/pkgIndex.tcl
/eda/synopsys/2016-17/RHELx86/SYN_2016.12/auxx/gui/common/layout/pkgIndex.tcl
/eda/synopsys/2016-17/RHELx86/SYN_2016.12/auxx/gui/common/select/pkgIndex.tcl
/eda/synopsys/2016-17/RHELx86/SYN_2016.12/auxx/gui/common/pathinspector/pkgIndex.tcl
/eda/synopsys/2016-17/RHELx86/SYN_2016.12/auxx/gui/common/regressionToolkit/pkgIndex.tcl
/eda/synopsys/2016-17/RHELx86/SYN_2016.12/auxx/gui/common/fanoutviewer/pkgIndex.tcl
/eda/synopsys/2016-17/RHELx86/SYN_2016.12/auxx/gui/common/table/pkgIndex.tcl
/eda/synopsys/2016-17/RHELx86/SYN_2016.12/auxx/gui/common/opdlg/pkgIndex.tcl
/eda/synopsys/2016-17/RHELx86/SYN_2016.12/auxx/gui/common/timing/pkgIndex.tcl
/eda/synopsys/2016-17/RHELx86/SYN_2016.12/auxx/gui/common/acg/pkgIndex.tcl
/eda/synopsys/2016-17/RHELx86/SYN_2016.12/auxx/gui/common/strokes/pkgIndex.tcl
/eda/synopsys/2016-17/RHELx86/SYN_2016.12/auxx/gui/common/libviewer/pkgIndex.tcl
/eda/synopsys/2016-17/RHELx86/SYN_2016.12/auxx/gui/common/menus/pkgIndex.tcl
/eda/synopsys/2016-17/RHELx86/SYN_2016.12/auxx/gui/common/view/pkgIndex.tcl
/eda/synopsys/2016-17/RHELx86/SYN_2016.12/auxx/gui/common/commandform/pkgIndex.tcl
/eda/synopsys/2016-17/RHELx86/SYN_2016.12/auxx/gui/common/WindowFrameWork/pkgIndex.tcl
/eda/synopsys/2016-17/RHELx86/SYN_2016.12/auxx/gui/common/schematic/pkgIndex.tcl
/eda/synopsys/2016-17/RHELx86/SYN_2016.12/auxx/gui/common/misc/pkgIndex.tcl
/eda/synopsys/2016-17/RHELx86/SYN_2016.12/auxx/gui/common/tcl-dp/pkgIndex.tcl
/eda/synopsys/2016-17/RHELx86/SYN_2016.12/auxx/gui/common/dialogs/pkgIndex.tcl
/eda/synopsys/2016-17/RHELx86/SYN_2016.12/auxx/gui/common/setup/pkgIndex.tcl
/eda/synopsys/2016-17/RHELx86/SYN_2016.12/auxx/gui/common/hierarchy/pkgIndex.tcl
/eda/synopsys/2016-17/RHELx86/SYN_2016.12/auxx/gui/dv/pkgIndex.tcl
/eda/synopsys/2016-17/RHELx86/SYN_2016.12/auxx/syn/lib/pkgIndex.tcl
/eda/synopsys/2016-17/RHELx86/SYN_2016.12/auxx/tcllib/lib/iwidgets4.1/pkgIndex.tcl
/eda/synopsys/2016-17/RHELx86/SYN_2016.12/auxx/tcllib/snps_tcl/snpsTclPro/pkgIndex.tcl
/eda/synopsys/2016-17/RHELx86/SYN_2016.12/auxx/tcllib/snps_tcl/snpsTest/pkgIndex.tcl
/eda/synopsys/2016-17/RHELx86/SYN_2016.12/auxx/tcllib/snps_tcl/snpsUtils/pkgIndex.tcl
/eda/synopsys/2016-17/RHELx86/SYN_2016.12/auxx/tcllib/snps_tcl/pkgIndex.tcl
/eda/synopsys/2016-17/RHELx86/SYN_2016.12/auxx/tcllib/lib/tcl8.6/reg/pkgIndex.tcl
/eda/synopsys/2016-17/RHELx86/SYN_2016.12/auxx/tcllib/lib/tcl8.6/dde/pkgIndex.tcl
/eda/synopsys/2016-17/RHELx86/SYN_2016.12/auxx/tcllib/lib/tcl8.6/platform/pkgIndex.tcl
/eda/synopsys/2016-17/RHELx86/SYN_2016.12/auxx/tcllib/lib/tcl8.6/tcltest/pkgIndex.tcl
/eda/synopsys/2016-17/RHELx86/SYN_2016.12/auxx/tcllib/lib/tcl8.6/http/pkgIndex.tcl
/eda/synopsys/2016-17/RHELx86/SYN_2016.12/auxx/tcllib/lib/tcl8.6/msgcat/pkgIndex.tcl
/eda/synopsys/2016-17/RHELx86/SYN_2016.12/auxx/tcllib/lib/tcl8.6/http1.0/pkgIndex.tcl
/eda/synopsys/2016-17/RHELx86/SYN_2016.12/auxx/tcllib/lib/tcl8.6/opt/pkgIndex.tcl
/eda/synopsys/2016-17/RHELx86/SYN_2016.12/auxx/gui/common/setup/snpsCommonSetup.tcl
/eda/synopsys/2016-17/RHELx86/SYN_2016.12/auxx/gui/common/setup/snpsCustomize.tcl
/eda/synopsys/2016-17/RHELx86/SYN_2016.12/auxx/gui/common/setup/snpsProcheck.tcl
/eda/synopsys/2016-17/RHELx86/SYN_2016.12/auxx/gui/common/qtcl/.synopsys_qtcl.tcl
/eda/synopsys/2016-17/RHELx86/SYN_2016.12/auxx/gui/common/highlight/highlight.tcl
/eda/synopsys/2016-17/RHELx86/SYN_2016.12/auxx/gui/common/misc/base.tcl
/eda/synopsys/2016-17/RHELx86/SYN_2016.12/auxx/gui/common/misc/timing.tcl
/eda/synopsys/2016-17/RHELx86/SYN_2016.12/auxx/gui/common/misc/setting.tcl
/eda/synopsys/2016-17/RHELx86/SYN_2016.12/auxx/gui/common/misc/preset.tcl
/eda/synopsys/2016-17/RHELx86/SYN_2016.12/auxx/gui/common/WindowFrameWork/windowFrameWork.tcl
/eda/synopsys/2016-17/RHELx86/SYN_2016.12/auxx/gui/common/WindowFrameWork/skipBusyCursorCmdList.tcl
/eda/synopsys/2016-17/RHELx86/SYN_2016.12/auxx/gui/common/docBrowser/docBrowser.tcl
/eda/synopsys/2016-17/RHELx86/SYN_2016.12/auxx/tcllib/snps_tcl/snpsUtils/snpsUtils.tcl
/eda/synopsys/2016-17/RHELx86/SYN_2016.12/auxx/gui/common/dialogs/ObjectChooser.tcl
/eda/synopsys/2016-17/RHELx86/SYN_2016.12/auxx/gui/common/misc/DialogObjectChooser.tcl
/eda/synopsys/2016-17/RHELx86/SYN_2016.12/auxx/gui/common/dialogs/HistBinInformation.tcl
/eda/synopsys/2016-17/RHELx86/SYN_2016.12/auxx/gui/common/dialogs/HistBin1Information.tcl
/eda/synopsys/2016-17/RHELx86/SYN_2016.12/auxx/gui/common/dialogs/BinsOnlyInformation.tcl
/eda/synopsys/2016-17/RHELx86/SYN_2016.12/auxx/gui/common/dialogs/FileChooser.tcl
/eda/synopsys/2016-17/RHELx86/SYN_2016.12/auxx/gui/common/dialogs/PathPinSimpleInfo.tcl
/eda/synopsys/2016-17/RHELx86/SYN_2016.12/auxx/gui/common/dialogs/PathsBasicInfo.tcl
/eda/synopsys/2016-17/RHELx86/SYN_2016.12/auxx/gui/common/dialogs/PathsBasicSimpleInfo.tcl
/eda/synopsys/2016-17/RHELx86/SYN_2016.12/auxx/gui/common/dialogs/SlctOperationInfo.tcl
/eda/synopsys/2016-17/RHELx86/SYN_2016.12/auxx/gui/common/dialogs/ObjectListInfo.tcl
/eda/synopsys/2016-17/RHELx86/SYN_2016.12/auxx/gui/common/dialogs/FanInOutInfo.tcl
/eda/synopsys/2016-17/RHELx86/SYN_2016.12/auxx/gui/common/dialogs/NumberOfLevelsChooser.tcl
/eda/synopsys/2016-17/RHELx86/SYN_2016.12/auxx/gui/common/dialogs/WindowReuseInfo.tcl
/eda/synopsys/2016-17/RHELx86/SYN_2016.12/auxx/gui/common/dialogs/ReportOutputOptionInfo.tcl
/eda/synopsys/2016-17/RHELx86/SYN_2016.12/auxx/gui/common/setup/snpsCollections.tcl
/eda/synopsys/2016-17/RHELx86/SYN_2016.12/auxx/gui/common/dialogs/CompileLinkDesign.tcl
/eda/synopsys/2016-17/RHELx86/SYN_2016.12/auxx/gui/common/histogram/DialogEndpointSlack.tcl
/eda/synopsys/2016-17/RHELx86/SYN_2016.12/auxx/gui/common/histogram/DialogPathsSlack.tcl
/eda/synopsys/2016-17/RHELx86/SYN_2016.12/auxx/gui/common/histogram/DialogNetCapacitance.tcl
/eda/synopsys/2016-17/RHELx86/SYN_2016.12/auxx/gui/common/schematic/DialogPathSchematicFanInOut.tcl
/eda/synopsys/2016-17/RHELx86/SYN_2016.12/auxx/gui/common/schematic/DialogPathSchematicAddPaths.tcl
/home/s290766/Desktop/Assignment/riscv_testing_2021_zoix/syn/bin/syn_nangate.tcl
/home/s290766/Desktop/Assignment/riscv_testing_2021_zoix/syn/bin/NangateOpenCell.dc_setup_synthesis.tcl
/home/s290766/Desktop/Assignment/riscv_testing_2021_zoix/tb/core/fpnew/src/fpnew_pkg.sv
/home/s290766/Desktop/Assignment/riscv_testing_2021_zoix/syn/techlib/NangateOpenCellLibrary_typical_ccs_scan.db
/eda/synopsys/2016-17/RHELx86/SYN_2016.12/libraries/syn/dw_foundation.sldb
/home/s290766/Desktop/Assignment/riscv_testing_2021_zoix/rtl/include/apu_core_package.sv
/home/s290766/Desktop/Assignment/riscv_testing_2021_zoix/rtl/include/riscv_defines.sv
/home/s290766/Desktop/Assignment/riscv_testing_2021_zoix/rtl/include/apu_macros.sv
/home/s290766/Desktop/Assignment/riscv_testing_2021_zoix/rtl/include/riscv_config.sv
/home/s290766/Desktop/Assignment/riscv_testing_2021_zoix/rtl/riscv_alu.sv
/home/s290766/Desktop/Assignment/riscv_testing_2021_zoix/rtl/riscv_alu_basic.sv
/home/s290766/Desktop/Assignment/riscv_testing_2021_zoix/rtl/riscv_alu_div.sv
/home/s290766/Desktop/Assignment/riscv_testing_2021_zoix/rtl/include/apu_macros.sv
/home/s290766/Desktop/Assignment/riscv_testing_2021_zoix/rtl/riscv_apu_disp.sv
/home/s290766/Desktop/Assignment/riscv_testing_2021_zoix/rtl/riscv_compressed_decoder.sv
/home/s290766/Desktop/Assignment/riscv_testing_2021_zoix/rtl/riscv_controller.sv
/home/s290766/Desktop/Assignment/riscv_testing_2021_zoix/rtl/riscv_cs_registers.sv
/home/s290766/Desktop/Assignment/riscv_testing_2021_zoix/syn/output/riscv_core_scan32.v
/home/s290766/Desktop/Assignment/riscv_testing_2021_zoix/rtl/include/apu_macros.sv
/home/s290766/Desktop/Assignment/riscv_testing_2021_zoix/rtl/riscv_decoder.sv
/home/s290766/Desktop/Assignment/riscv_testing_2021_zoix/rtl/riscv_int_controller.sv
/home/s290766/Desktop/Assignment/riscv_testing_2021_zoix/rtl/include/apu_macros.sv
/home/s290766/Desktop/Assignment/riscv_testing_2021_zoix/rtl/riscv_ex_stage.sv
/home/s290766/Desktop/Assignment/riscv_testing_2021_zoix/rtl/riscv_hwloop_controller.sv
/home/s290766/Desktop/Assignment/riscv_testing_2021_zoix/rtl/riscv_hwloop_regs.sv
/home/s290766/Desktop/Assignment/riscv_testing_2021_zoix/rtl/riscv_id_stage.sv
/home/s290766/Desktop/Assignment/riscv_testing_2021_zoix/rtl/riscv_if_stage.sv
/home/s290766/Desktop/Assignment/riscv_testing_2021_zoix/rtl/riscv_load_store_unit.sv
/home/s290766/Desktop/Assignment/riscv_testing_2021_zoix/rtl/riscv_mult.sv
/home/s290766/Desktop/Assignment/riscv_testing_2021_zoix/rtl/riscv_prefetch_buffer.sv
/home/s290766/Desktop/Assignment/riscv_testing_2021_zoix/rtl/riscv_prefetch_L0_buffer.sv
/home/s290766/Desktop/Assignment/riscv_testing_2021_zoix/rtl/riscv_fetch_fifo.sv
/home/s290766/Desktop/Assignment/riscv_testing_2021_zoix/rtl/riscv_L0_buffer.sv
/home/s290766/Desktop/Assignment/riscv_testing_2021_zoix/rtl/riscv_pmp.sv
/home/s290766/Desktop/Assignment/riscv_testing_2021_zoix/rtl/riscv_register_file.sv
/home/s290766/Desktop/Assignment/riscv_testing_2021_zoix/rtl/register_file_test_wrap.sv
/home/s290766/Desktop/Assignment/riscv_testing_2021_zoix/syn/techlib/cluster_clock_gating_nangate.sv
/home/s290766/Desktop/Assignment/riscv_testing_2021_zoix/LBIST/lfsr.v
/home/s290766/Desktop/Assignment/riscv_testing_2021_zoix/LBIST/phase_shifter.vhd
/home/s290766/Desktop/Assignment/riscv_testing_2021_zoix/LBIST/LBIST.vhd
/home/s290766/Desktop/Assignment/riscv_testing_2021_zoix/LBIST/MISR.vhd
/home/s290766/Desktop/Assignment/riscv_testing_2021_zoix/LBIST/LBIST_complete.vhd
/eda/synopsys/2016-17/RHELx86/SYN_2016.12/libraries/syn/gtech.db
/eda/synopsys/2016-17/RHELx86/SYN_2016.12/libraries/syn/standard.sldb
/home/s290766/Desktop/Assignment/riscv_testing_2021_zoix/syn/techlib/NangateOpenCellLibrary_typical_ccs_scan.db
/home/s290766/Desktop/Assignment/riscv_testing_2021_zoix/syn/run/alib-52/NangateOpenCellLibrary_typical_ccs_scan.db.alib
/home/s290766/Desktop/Assignment/riscv_testing_2021_zoix/syn/techlib/NangateOpenCellLibrary_typical_ccs_scan.db
/home/s290766/Desktop/Assignment/riscv_testing_2021_zoix/syn/run/alib-52/NangateOpenCellLibrary_typical_ccs_scan.db.alib
/home/s290766/Desktop/Assignment/riscv_testing_2021_zoix/syn/techlib/NangateOpenCellLibrary_typical_ccs_scan.db
